build/app/intermediates/manifest_merge_blame_file/debug/manifest-merger-blame-debug-report.txt
1<?xml version="1.0" encoding="utf-8"?>
2<manifest xmlns:android="http://schemas.android.com/apk/res/android"
3    package="com.flutterflow.auctionware"
4    android:versionCode="1"
5    android:versionName="1.0.0" >
6
7    <uses-sdk
8        android:minSdkVersion="21"
9        android:targetSdkVersion="31" />
10    <!--
11         Flutter needs it to communicate with the running application
12         to allow setting breakpoints, to provide hot reload, etc.
13    -->
14    <uses-permission android:name="android.permission.INTERNET" />
14-->src\main\AndroidManifest.xml:4:5-66
14-->src\main\AndroidManifest.xml:4:22-64
15    <uses-permission android:name="android.permission.CAMERA" />
15-->src\main\AndroidManifest.xml:5:5-64
15-->src\main\AndroidManifest.xml:5:22-62
16    <uses-permission android:name="android.permission.READ_EXTERNAL_STORAGE" />
16-->src\main\AndroidManifest.xml:6:5-80
16-->src\main\AndroidManifest.xml:6:22-77
17    <uses-permission android:name="android.permission.WRITE_EXTERNAL_STORAGE" />
17-->src\main\AndroidManifest.xml:7:5-81
17-->src\main\AndroidManifest.xml:7:22-78
18
19    <queries>
19-->[:file_picker] AndroidManifest.xml:9:5-15:15
20        <intent>
20-->[:file_picker] AndroidManifest.xml:10:9-14:18
21            <action android:name="android.intent.action.GET_CONTENT" />
21-->[:file_picker] AndroidManifest.xml:11:13-72
21-->[:file_picker] AndroidManifest.xml:11:21-69
22
23            <data android:mimeType="*/*" />
23-->src\main\AndroidManifest.xml:50:17-85
24        </intent>
25    </queries>
26
27    <uses-permission android:name="android.permission.ACCESS_NETWORK_STATE" />
27-->[com.google.firebase:firebase-auth:21.1.0] AndroidManifest.xml:24:5-79
27-->[com.google.firebase:firebase-auth:21.1.0] AndroidManifest.xml:24:22-76
28
29    <application
29-->src\main\AndroidManifest.xml:9:5-63:19
30        android:appComponentFactory="androidx.core.app.CoreComponentFactory"
30-->[androidx.core:core:1.8.0] AndroidManifest.xml:24:18-86
31        android:debuggable="true"
32        android:icon="@mipmap/ic_launcher"
32-->src\main\AndroidManifest.xml:12:9-43
33        android:label="AuctionWare"
33-->src\main\AndroidManifest.xml:10:9-36
34        android:requestLegacyExternalStorage="true" >
34-->src\main\AndroidManifest.xml:13:9-52
35        <activity
35-->src\main\AndroidManifest.xml:15:9-53:20
36            android:name="com.flutterflow.auctionware.MainActivity"
36-->src\main\AndroidManifest.xml:16:13-41
37            android:configChanges="orientation|keyboardHidden|keyboard|screenSize|smallestScreenSize|locale|layoutDirection|fontScale|screenLayout|density|uiMode"
37-->src\main\AndroidManifest.xml:20:13-163
38            android:exported="true"
38-->src\main\AndroidManifest.xml:17:13-36
39            android:hardwareAccelerated="true"
39-->src\main\AndroidManifest.xml:21:13-47
40            android:launchMode="singleTop"
40-->src\main\AndroidManifest.xml:18:13-43
41            android:theme="@style/LaunchTheme"
41-->src\main\AndroidManifest.xml:19:13-47
42            android:windowSoftInputMode="adjustResize" >
42-->src\main\AndroidManifest.xml:22:13-55
43
44            <!--
45                 Specifies an Android theme to apply to this Activity as soon as
46                 the Android process has started. This theme is visible to the user
47                 while the Flutter UI initializes. After that, this theme continues
48                 to determine the Window background behind the Flutter UI.
49            -->
50            <meta-data
50-->src\main\AndroidManifest.xml:27:13-30:17
51                android:name="io.flutter.embedding.android.NormalTheme"
51-->src\main\AndroidManifest.xml:28:15-70
52                android:resource="@style/NormalTheme" />
52-->src\main\AndroidManifest.xml:29:15-52
53            <!--
54                 Displays an Android View that continues showing the launch screen
55                 Drawable until Flutter paints its first frame, then this splash
56                 screen fades out. A splash screen is useful to avoid any visual
57                 gap between the end of Android's launch screen and the painting of
58                 Flutter's first frame.
59            -->
60            <meta-data
60-->src\main\AndroidManifest.xml:36:13-39:17
61                android:name="io.flutter.embedding.android.SplashScreenDrawable"
61-->src\main\AndroidManifest.xml:37:15-79
62                android:resource="@drawable/launch_background" />
62-->src\main\AndroidManifest.xml:38:15-61
63
64            <intent-filter>
64-->src\main\AndroidManifest.xml:40:13-43:29
65                <action android:name="android.intent.action.MAIN" />
65-->src\main\AndroidManifest.xml:41:17-68
65-->src\main\AndroidManifest.xml:41:25-66
66
67                <category android:name="android.intent.category.LAUNCHER" />
67-->src\main\AndroidManifest.xml:42:17-76
67-->src\main\AndroidManifest.xml:42:27-74
68            </intent-filter>
69            <!-- Deep linking -->
70            <meta-data
70-->src\main\AndroidManifest.xml:45:13-90
71                android:name="flutter_deeplinking_enabled"
71-->src\main\AndroidManifest.xml:45:24-66
72                android:value="true" />
72-->src\main\AndroidManifest.xml:45:67-87
73
74            <intent-filter android:autoVerify="true" >
74-->src\main\AndroidManifest.xml:46:13-51:29
74-->src\main\AndroidManifest.xml:46:28-53
75                <action android:name="android.intent.action.VIEW" />
75-->src\main\AndroidManifest.xml:47:17-69
75-->src\main\AndroidManifest.xml:47:25-66
76
77                <category android:name="android.intent.category.DEFAULT" />
77-->src\main\AndroidManifest.xml:48:17-76
77-->src\main\AndroidManifest.xml:48:27-73
78                <category android:name="android.intent.category.BROWSABLE" />
78-->src\main\AndroidManifest.xml:49:17-78
78-->src\main\AndroidManifest.xml:49:27-75
79
80                <data
80-->src\main\AndroidManifest.xml:50:17-85
81                    android:host="auctionware.com"
81-->src\main\AndroidManifest.xml:50:52-82
82                    android:scheme="auctionware" />
82-->src\main\AndroidManifest.xml:50:23-51
83            </intent-filter>
84        </activity>
85
86        <!--
87             Don't delete the meta-data below.
88             This is used by the Flutter tool to generate GeneratedPluginRegistrant.java
89        -->
90        <meta-data
90-->src\main\AndroidManifest.xml:57:9-59:33
91            android:name="flutterEmbedding"
91-->src\main\AndroidManifest.xml:58:13-44
92            android:value="2" />
92-->src\main\AndroidManifest.xml:59:13-30
93
94        <service
94-->[:cloud_firestore] AndroidManifest.xml:8:9-12:19
95            android:name="com.google.firebase.components.ComponentDiscoveryService"
95-->[:cloud_firestore] AndroidManifest.xml:8:18-89
96            android:directBootAware="true"
96-->[com.google.firebase:firebase-common:20.2.0] AndroidManifest.xml:34:13-43
97            android:exported="false" >
97-->[com.google.firebase:firebase-auth:21.1.0] AndroidManifest.xml:66:13-37
98            <meta-data
98-->[:cloud_firestore] AndroidManifest.xml:9:13-11:85
99                android:name="com.google.firebase.components:io.flutter.plugins.firebase.firestore.FlutterFirebaseFirestoreRegistrar"
99-->[:cloud_firestore] AndroidManifest.xml:10:17-134
100                android:value="com.google.firebase.components.ComponentRegistrar" />
100-->[:cloud_firestore] AndroidManifest.xml:11:17-82
101            <meta-data
101-->[:firebase_auth] AndroidManifest.xml:9:13-11:85
102                android:name="com.google.firebase.components:io.flutter.plugins.firebase.auth.FlutterFirebaseAuthRegistrar"
102-->[:firebase_auth] AndroidManifest.xml:10:17-124
103                android:value="com.google.firebase.components.ComponentRegistrar" />
103-->[:firebase_auth] AndroidManifest.xml:11:17-82
104            <meta-data
104-->[:firebase_storage] AndroidManifest.xml:9:13-11:85
105                android:name="com.google.firebase.components:io.flutter.plugins.firebase.storage.FlutterFirebaseAppRegistrar"
105-->[:firebase_storage] AndroidManifest.xml:10:17-126
106                android:value="com.google.firebase.components.ComponentRegistrar" />
106-->[:firebase_storage] AndroidManifest.xml:11:17-82
107            <meta-data
107-->[:firebase_core] AndroidManifest.xml:9:13-11:85
108                android:name="com.google.firebase.components:io.flutter.plugins.firebase.core.FlutterFirebaseCoreRegistrar"
108-->[:firebase_core] AndroidManifest.xml:10:17-124
109                android:value="com.google.firebase.components.ComponentRegistrar" />
109-->[:firebase_core] AndroidManifest.xml:11:17-82
110            <meta-data
110-->[com.google.firebase:firebase-auth:21.1.0] AndroidManifest.xml:67:13-69:85
111                android:name="com.google.firebase.components:com.google.firebase.auth.FirebaseAuthRegistrar"
111-->[com.google.firebase:firebase-auth:21.1.0] AndroidManifest.xml:68:17-109
112                android:value="com.google.firebase.components.ComponentRegistrar" />
112-->[com.google.firebase:firebase-auth:21.1.0] AndroidManifest.xml:69:17-82
113            <meta-data
113-->[com.google.firebase:firebase-firestore:24.4.0] AndroidManifest.xml:19:13-21:85
114                android:name="com.google.firebase.components:com.google.firebase.firestore.FirestoreRegistrar"
114-->[com.google.firebase:firebase-firestore:24.4.0] AndroidManifest.xml:20:17-111
115                android:value="com.google.firebase.components.ComponentRegistrar" />
115-->[com.google.firebase:firebase-firestore:24.4.0] AndroidManifest.xml:21:17-82
116            <meta-data
116-->[com.google.firebase:firebase-storage:20.1.0] AndroidManifest.xml:32:13-34:85
117                android:name="com.google.firebase.components:com.google.firebase.storage.StorageRegistrar"
117-->[com.google.firebase:firebase-storage:20.1.0] AndroidManifest.xml:33:17-107
118                android:value="com.google.firebase.components.ComponentRegistrar" />
118-->[com.google.firebase:firebase-storage:20.1.0] AndroidManifest.xml:34:17-82
119        </service>
120
121        <provider
121-->[:image_picker_android] AndroidManifest.xml:8:9-16:20
122            android:name="io.flutter.plugins.imagepicker.ImagePickerFileProvider"
122-->[:image_picker_android] AndroidManifest.xml:9:13-82
123            android:authorities="com.flutterflow.auctionware.flutter.image_provider"
123-->[:image_picker_android] AndroidManifest.xml:10:13-74
124            android:exported="false"
124-->[:image_picker_android] AndroidManifest.xml:11:13-37
125            android:grantUriPermissions="true" >
125-->[:image_picker_android] AndroidManifest.xml:12:13-47
126            <meta-data
126-->[:image_picker_android] AndroidManifest.xml:13:13-15:75
127                android:name="android.support.FILE_PROVIDER_PATHS"
127-->[:image_picker_android] AndroidManifest.xml:14:17-67
128                android:resource="@xml/flutter_image_picker_file_paths" />
128-->[:image_picker_android] AndroidManifest.xml:15:17-72
129        </provider>
130
131        <activity
131-->[:url_launcher_android] AndroidManifest.xml:8:9-11:74
132            android:name="io.flutter.plugins.urllauncher.WebViewActivity"
132-->[:url_launcher_android] AndroidManifest.xml:9:13-74
133            android:exported="false"
133-->[:url_launcher_android] AndroidManifest.xml:10:13-37
134            android:theme="@android:style/Theme.NoTitleBar.Fullscreen" />
134-->[:url_launcher_android] AndroidManifest.xml:11:13-71
135
136        <uses-library
136-->[androidx.window:window:1.0.0-beta04] AndroidManifest.xml:25:9-27:40
137            android:name="androidx.window.extensions"
137-->[androidx.window:window:1.0.0-beta04] AndroidManifest.xml:26:13-54
138            android:required="false" />
138-->[androidx.window:window:1.0.0-beta04] AndroidManifest.xml:27:13-37
139        <uses-library
139-->[androidx.window:window:1.0.0-beta04] AndroidManifest.xml:28:9-30:40
140            android:name="androidx.window.sidecar"
140-->[androidx.window:window:1.0.0-beta04] AndroidManifest.xml:29:13-51
141            android:required="false" />
141-->[androidx.window:window:1.0.0-beta04] AndroidManifest.xml:30:13-37
142
143        <activity
143-->[com.google.firebase:firebase-auth:21.1.0] AndroidManifest.xml:27:9-44:20
144            android:name="com.google.firebase.auth.internal.GenericIdpActivity"
144-->[com.google.firebase:firebase-auth:21.1.0] AndroidManifest.xml:28:13-80
145            android:excludeFromRecents="true"
145-->[com.google.firebase:firebase-auth:21.1.0] AndroidManifest.xml:29:13-46
146            android:exported="true"
146-->[com.google.firebase:firebase-auth:21.1.0] AndroidManifest.xml:30:13-36
147            android:launchMode="singleTask"
147-->[com.google.firebase:firebase-auth:21.1.0] AndroidManifest.xml:31:13-44
148            android:theme="@android:style/Theme.Translucent.NoTitleBar" >
148-->[com.google.firebase:firebase-auth:21.1.0] AndroidManifest.xml:32:13-72
149            <intent-filter>
149-->[com.google.firebase:firebase-auth:21.1.0] AndroidManifest.xml:33:13-43:29
150                <action android:name="android.intent.action.VIEW" />
150-->src\main\AndroidManifest.xml:47:17-69
150-->src\main\AndroidManifest.xml:47:25-66
151
152                <category android:name="android.intent.category.DEFAULT" />
152-->src\main\AndroidManifest.xml:48:17-76
152-->src\main\AndroidManifest.xml:48:27-73
153                <category android:name="android.intent.category.BROWSABLE" />
153-->src\main\AndroidManifest.xml:49:17-78
153-->src\main\AndroidManifest.xml:49:27-75
154
155                <data
155-->src\main\AndroidManifest.xml:50:17-85
156                    android:host="firebase.auth"
156-->src\main\AndroidManifest.xml:50:52-82
157                    android:path="/"
158                    android:scheme="genericidp" />
158-->src\main\AndroidManifest.xml:50:23-51
159            </intent-filter>
160        </activity>
161        <activity
161-->[com.google.firebase:firebase-auth:21.1.0] AndroidManifest.xml:45:9-62:20
162            android:name="com.google.firebase.auth.internal.RecaptchaActivity"
162-->[com.google.firebase:firebase-auth:21.1.0] AndroidManifest.xml:46:13-79
163            android:excludeFromRecents="true"
163-->[com.google.firebase:firebase-auth:21.1.0] AndroidManifest.xml:47:13-46
164            android:exported="true"
164-->[com.google.firebase:firebase-auth:21.1.0] AndroidManifest.xml:48:13-36
165            android:launchMode="singleTask"
165-->[com.google.firebase:firebase-auth:21.1.0] AndroidManifest.xml:49:13-44
166            android:theme="@android:style/Theme.Translucent.NoTitleBar" >
166-->[com.google.firebase:firebase-auth:21.1.0] AndroidManifest.xml:50:13-72
167            <intent-filter>
167-->[com.google.firebase:firebase-auth:21.1.0] AndroidManifest.xml:51:13-61:29
168                <action android:name="android.intent.action.VIEW" />
168-->src\main\AndroidManifest.xml:47:17-69
168-->src\main\AndroidManifest.xml:47:25-66
169
170                <category android:name="android.intent.category.DEFAULT" />
170-->src\main\AndroidManifest.xml:48:17-76
170-->src\main\AndroidManifest.xml:48:27-73
171                <category android:name="android.intent.category.BROWSABLE" />
171-->src\main\AndroidManifest.xml:49:17-78
171-->src\main\AndroidManifest.xml:49:27-75
172
173                <data
173-->src\main\AndroidManifest.xml:50:17-85
174                    android:host="firebase.auth"
174-->src\main\AndroidManifest.xml:50:52-82
175                    android:path="/"
176                    android:scheme="recaptcha" />
176-->src\main\AndroidManifest.xml:50:23-51
177            </intent-filter>
178        </activity>
179
180        <provider
180-->[com.google.firebase:firebase-common:20.2.0] AndroidManifest.xml:25:9-30:39
181            android:name="com.google.firebase.provider.FirebaseInitProvider"
181-->[com.google.firebase:firebase-common:20.2.0] AndroidManifest.xml:26:13-77
182            android:authorities="com.flutterflow.auctionware.firebaseinitprovider"
182-->[com.google.firebase:firebase-common:20.2.0] AndroidManifest.xml:27:13-72
183            android:directBootAware="true"
183-->[com.google.firebase:firebase-common:20.2.0] AndroidManifest.xml:28:13-43
184            android:exported="false"
184-->[com.google.firebase:firebase-common:20.2.0] AndroidManifest.xml:29:13-37
185            android:initOrder="100" />
185-->[com.google.firebase:firebase-common:20.2.0] AndroidManifest.xml:30:13-36
186
187        <activity
187-->[com.google.android.gms:play-services-auth:20.4.1] AndroidManifest.xml:23:9-27:75
188            android:name="com.google.android.gms.auth.api.signin.internal.SignInHubActivity"
188-->[com.google.android.gms:play-services-auth:20.4.1] AndroidManifest.xml:24:13-93
189            android:excludeFromRecents="true"
189-->[com.google.android.gms:play-services-auth:20.4.1] AndroidManifest.xml:25:13-46
190            android:exported="false"
190-->[com.google.android.gms:play-services-auth:20.4.1] AndroidManifest.xml:26:13-37
191            android:theme="@android:style/Theme.Translucent.NoTitleBar" />
191-->[com.google.android.gms:play-services-auth:20.4.1] AndroidManifest.xml:27:13-72
192        <!--
193            Service handling Google Sign-In user revocation. For apps that do not integrate with
194            Google Sign-In, this service will never be started.
195        -->
196        <service
196-->[com.google.android.gms:play-services-auth:20.4.1] AndroidManifest.xml:33:9-37:51
197            android:name="com.google.android.gms.auth.api.signin.RevocationBoundService"
197-->[com.google.android.gms:play-services-auth:20.4.1] AndroidManifest.xml:34:13-89
198            android:exported="true"
198-->[com.google.android.gms:play-services-auth:20.4.1] AndroidManifest.xml:35:13-36
199            android:permission="com.google.android.gms.auth.api.signin.permission.REVOCATION_NOTIFICATION"
199-->[com.google.android.gms:play-services-auth:20.4.1] AndroidManifest.xml:36:13-107
200            android:visibleToInstantApps="true" />
200-->[com.google.android.gms:play-services-auth:20.4.1] AndroidManifest.xml:37:13-48
201
202        <activity
202-->[com.google.android.gms:play-services-base:18.0.1] AndroidManifest.xml:20:9-22:45
203            android:name="com.google.android.gms.common.api.GoogleApiActivity"
203-->[com.google.android.gms:play-services-base:18.0.1] AndroidManifest.xml:20:19-85
204            android:exported="false"
204-->[com.google.android.gms:play-services-base:18.0.1] AndroidManifest.xml:22:19-43
205            android:theme="@android:style/Theme.Translucent.NoTitleBar" />
205-->[com.google.android.gms:play-services-base:18.0.1] AndroidManifest.xml:21:19-78
206
207        <meta-data
207-->[com.google.android.gms:play-services-basement:18.1.0] AndroidManifest.xml:21:9-23:69
208            android:name="com.google.android.gms.version"
208-->[com.google.android.gms:play-services-basement:18.1.0] AndroidManifest.xml:22:13-58
209            android:value="@integer/google_play_services_version" />
209-->[com.google.android.gms:play-services-basement:18.1.0] AndroidManifest.xml:23:13-66
210    </application>
211
212</manifest>